C51 COMPILER V9.60.0.0   MAIN                                                              05/18/2023 13:00:13 PAGE 1   


C51 COMPILER V9.60.0.0, COMPILATION OF MODULE MAIN
OBJECT MODULE PLACED IN .\Obj\main.obj
COMPILER INVOKED BY: C:\Keil_v5\C51\BIN\C51.EXE User\main.c OPTIMIZE(8,SPEED) BROWSE INCDIR(.\App\24c02;.\App\iic;.\App\
                    -key;.\App\smg;.\Public;.\App\ds18b20;.\App\ds1302;.\App\ired;.\App\time;.\App\xpt2046;.\App\pwm;.\App\lcd1602) DEBUG OBJ
                    -ECTEXTEND PRINT(.\Obj\main.lst) TABS(2) OBJECT(.\Obj\main.obj)

line level    source

   1          /**************************************************************************************
   2          深圳市普中科技有限公司（PRECHIN 普中）
   3          技术支持：www.prechin.net
   4          
   5          实验名称：LCD1602液晶显示实验
   6          接线说明：  
   7          实验现象：下载程序后，LCD1602上显示字符信息
   8          注意事项：                                          
   9          ***************************************************************************************/
  10          #include "public.h"
  11          #include "lcd1602.h"
  12          #include "stdio.h"
  13          #include "string.h"
  14          
  15          #define uint32_t unsigned long
  16          #define uint16_t unsigned int
  17          #define uint8_t unsigned char
  18             
  19          #define LED P1
  20          sbit Buzzer=P0^7;   //
  21          u8 buff1[3] = {0XA5,0x81,0x26};    // 光照
  22          u8 buff2[3] = {0XA5,0x82,0x27};
  23          u8 Receive_ok;
  24          u8 raw_data[15]={0};
  25          
  26          
  27          
  28          
  29          void uart_init(u8 baud)
  30          {
  31   1        TMOD|=0X20; //设置计数器工作方式2
  32   1        SCON=0X50;  //设置为工作方式1
  33   1        PCON=0X80;  //波特率加倍
  34   1        TH1=baud; //计数器初始值设置
  35   1        TL1=baud;
  36   1        ES=1;   //打开接收中断
  37   1        EA=1;   //打开总中断
  38   1        TR1=1;    //打开计数器    
  39   1      }
  40          
  41          void send_buff(u8 *tem_buff,u8 buff_size)
  42          {
  43   1          u8 i;
  44   1          for(i=0;i<buff_size;i++)
  45   1          {
  46   2              SBUF = tem_buff[i];
  47   2              while(TI==0){};
  48   2            TI = 0;
  49   2          }
  50   1      }
  51          
  52          void main()
  53          { 
C51 COMPILER V9.60.0.0   MAIN                                                              05/18/2023 13:00:13 PAGE 2   

  54   1          uint32_t TH_Light_min = 10;
  55   1          uint32_t TH_Light_max = 80;
  56   1          uint16_t data_16[2]={0};
  57   1          uint32_t HUM,TE,Lux;
  58   1          u8 sum=0,i=0;
  59   1          uart_init(0XFA);//波特率为9600
  60   1          LCD_Init();//LCD1602初始化
  61   1      
  62   1              
  63   1        while(1)
  64   1        {
  65   2          //===========================================
  66   2              send_buff(buff1,3);
  67   2              delay_ms(10);
  68   2             if(Receive_ok==2)
  69   2              {
  70   3      
  71   3                  Lux = (raw_data[4]<<24)|(raw_data[5]<<16)|(raw_data[6]<<8)|raw_data[7];
  72   3                  LCD_ShowString(2,1,"Lux:");
  73   3                  LCD_ShowNum(2,5,Lux/100,3);
  74   3                  LCD_ShowString(2,8,".");
  75   3                  LCD_ShowNum(2,9,Lux%100,2);
  76   3      
  77   3                
  78   3      
  79   3                  
  80   3                
  81   3                  
  82   3                  Receive_ok = 0;
  83   3              }
  84   2              delay_ms(500);
  85   2          //=========================================
  86   2              send_buff(buff2,3);
  87   2              delay_ms(10);
  88   2              if(Receive_ok==1)
  89   2              {
  90   3      
  91   3                  HUM = (raw_data[10]<<8)|raw_data[11];
  92   3                  LCD_ShowString(1,1,"HU:");
  93   3                  LCD_ShowNum(1,4,HUM/100,2);
  94   3                  LCD_ShowString(1,6,".");
  95   3                  LCD_ShowNum(1,7,HUM%100,2);
  96   3                  TE =(raw_data[4]<<8)|raw_data[5];
  97   3                  LCD_ShowString(1,9,"TE:");
  98   3                  LCD_ShowNum(1,12,TE/100,2);
  99   3                  LCD_ShowString(1,14,".");
 100   3                  LCD_ShowNum(1,15,TE%100,2);
 101   3      
 102   3                           
 103   3                  Receive_ok = 0;
 104   3              }
 105   2              delay_ms(500);
 106   2              
 107   2              if(Lux/100>TH_Light_max)
 108   2              {
 109   3                delay_10us(1000);
 110   3                Buzzer = 1;
 111   3                delay_10us(1000);
 112   3                Buzzer = 0;
 113   3              }
 114   2              
 115   2              if(Lux/100<TH_Light_min)
C51 COMPILER V9.60.0.0   MAIN                                                              05/18/2023 13:00:13 PAGE 3   

 116   2              {
 117   3                 LED = 0x00;
 118   3              }
 119   2              else
 120   2              {
 121   3                 LED = 0xff;
 122   3              }
 123   2              
 124   2              
 125   2        } 
 126   1      }
 127          
 128          
 129          //串口中断
 130          void USART_IRQHandler(void)interrupt 4
 131          {
 132   1        static uint8_t i=0,rebuf[15]={0};
 133   1        uint8_t sum=0;
 134   1         
 135   1          
 136   1          
 137   1        if(RI)//接收完成标志
 138   1        {
 139   2          rebuf[i++]=SBUF;
 140   2              RI=0;//清中断接收标志
 141   2              
 142   2              
 143   2      //        SBUF = rebuf[i-1];
 144   2      //        while(!TI);   //等待发送数据完成
 145   2      //        TI=0;     //清除发送完成标志位  
 146   2      //    
 147   2              
 148   2              
 149   2              
 150   2          if (rebuf[0]!=0x5a)//帧头不对
 151   2            i=0;  
 152   2          if ((i==2)&&(rebuf[1]!=0x5a))//帧头不对
 153   2            i=0;
 154   2        
 155   2          if(i>3)//i等于4时，已经接收到数据量字节rebuf[3]
 156   2          {
 157   3      
 158   3            if(i!=(rebuf[3]+5))//判断是否接收一帧数据完毕
 159   3              return; 
 160   3            switch(rebuf[2])//接收完毕后处理
 161   3            {
 162   4              case 0x45:
 163   4                if(!Receive_ok)//当数据处理完成后才接收新的数据
 164   4                {
 165   5                  memcpy(raw_data,rebuf,15);//拷贝接收到的数据
 166   5                  Receive_ok=1;//接收完成标志
 167   5      
 168   5                              
 169   5                }
 170   4                break;
 171   4              case 0x15:
 172   4                  if(!Receive_ok)//当数据处理完成后才接收新的数据
 173   4                {
 174   5                  memcpy(raw_data,rebuf,9);//拷贝接收到的数据
 175   5                  Receive_ok=2;//接收完成标志
 176   5                    
 177   5                }
C51 COMPILER V9.60.0.0   MAIN                                                              05/18/2023 13:00:13 PAGE 4   

 178   4                  break;//原始数据接收，可模仿0x45的方式
 179   4              case 0x35:break;
 180   4            }
 181   3            i=0;//缓存清0
 182   3          }
 183   2        
 184   2        }
 185   1      
 186   1      }


MODULE INFORMATION:   STATIC OVERLAYABLE
   CODE SIZE        =    804    ----
   CONSTANT SIZE    =     19    ----
   XDATA SIZE       =   ----    ----
   PDATA SIZE       =   ----    ----
   DATA SIZE        =     38      30
   IDATA SIZE       =   ----    ----
   BIT SIZE         =   ----    ----
END OF MODULE INFORMATION.


C51 COMPILATION COMPLETE.  0 WARNING(S),  0 ERROR(S)
